08/07/2023 14:49 | MainTestScene | 0h 0m 34s
08/07/2023 14:53 | MainTestScene | 0h 2m 43s
08/07/2023 14:59 | MainTestScene | 0h 2m 58s
08/07/2023 15:05 | MainTestScene | 0h 3m 58s
08/07/2023 15:33 | MainTestScene | 0h 0m 40s
08/07/2023 15:39 | MainTestScene | 0h 1m 24s
08/07/2023 15:52 | MainTestScene | 0h 3m 49s
08/08/2023 09:53 | NightTime | 0h 1m 10s
08/08/2023 09:57 | NightTime | 0h 1m 11s
08/08/2023 10:07 | NightTime | 0h 1m 23s
08/08/2023 10:15 | MainTestScene | 0h 1m 22s
08/08/2023 10:35 | MainTestScene | 0h 1m 17s
08/08/2023 12:55 | MainTestScene | 0h 1m 25s
08/08/2023 12:58 | MainTestScene | 0h 1m 10s
08/08/2023 13:03 | MainTestScene | 0h 1m 12s
08/08/2023 13:12 | MainTestScene | 0h 1m 12s
08/08/2023 14:01 | MainTestScene | 0h 1m 10s
08/08/2023 14:03 | MainTestScene | 0h 1m 10s
08/08/2023 14:36 | MainTestScene | 0h 1m 25s
08/08/2023 14:38 | MainTestScene | 0h 1m 26s
08/09/2023 14:06 | MainTestScene | 0h 1m 37s
08/09/2023 14:09 | MainTestScene | 0h 1m 20s
08/09/2023 14:14 | MainTestScene | 0h 1m 20s
08/09/2023 14:26 | MainTestScene | 0h 1m 34s
08/09/2023 14:48 | NightTime | 0h 1m 36s
08/10/2023 12:16 | MainTestScene | 0h 1m 35s
08/10/2023 12:19 | MainTestScene | 0h 1m 31s
08/10/2023 12:24 | MainTestScene | 0h 1m 30s
08/10/2023 12:27 | MainTestScene | 0h 1m 30s
08/10/2023 12:46 | MainTestScene | 0h 1m 31s
08/10/2023 13:03 | MainTestScene | 0h 1m 32s
08/11/2023 11:55 | MainTestScene | 0h 1m 41s
08/11/2023 11:57 | MainTestScene | 0h 1m 40s
08/11/2023 11:59 | MainTestScene | 0h 1m 42s
08/11/2023 12:03 | MainTestScene | 0h 1m 44s
08/11/2023 12:08 | NightTime | 0h 1m 56s
08/11/2023 12:18 | NightTime | 0h 1m 45s
08/11/2023 12:32 | NightTime | 0h 1m 58s
08/11/2023 12:35 | NightTime | 0h 1m 57s
08/11/2023 12:39 | NightTime | 0h 2m 0s
08/11/2023 12:46 | NightTime | 0h 2m 8s
08/11/2023 12:52 | NightTime | 0h 4m 56s
08/11/2023 13:01 | NightTime | 0h 2m 20s
08/11/2023 13:03 | NightTime | 0h 0m 48s
08/11/2023 13:07 | NightTime | 0h 2m 5s
08/11/2023 13:14 | NightTime | 0h 4m 57s
08/11/2023 13:16 | NightTime | 0h 1m 31s
08/11/2023 13:21 | NightTime | 0h 1m 25s
08/11/2023 13:25 | NightTime | 0h 1m 25s
08/11/2023 13:27 | NightTime | 0h 1m 25s
08/11/2023 13:30 | NightTime | 0h 1m 26s
08/11/2023 13:33 | NightTime | 0h 1m 37s
08/11/2023 13:38 | NightTime | 0h 1m 45s
08/11/2023 13:45 | NightTime | 0h 3m 4s
08/11/2023 13:50 | NightTime | 0h 1m 9s
08/11/2023 13:52 | NightTime | 0h 0m 56s
08/11/2023 14:05 | NightTime | 0h 2m 35s
08/11/2023 14:12 | NightTime | 0h 5m 19s
08/11/2023 14:25 | NightTime | 0h 2m 43s
08/11/2023 14:28 | NightTime | 0h 1m 9s
08/11/2023 14:29 | NightTime | 0h 0m 58s
08/11/2023 14:37 | example_sponza_evening2 | 0h 2m 0s
08/11/2023 14:41 | example_sponza_evening2 | 0h 1m 39s
08/11/2023 14:51 | NightTime | 0h 2m 40s
08/11/2023 15:01 | NightTime | 0h 3m 17s
08/11/2023 15:10 | NightTime | 0h 3m 11s
08/11/2023 15:17 | NightTime | 0h 3m 10s
08/11/2023 15:24 | NightTime | 0h 2m 57s
08/11/2023 15:32 | NightTime | 0h 3m 5s
08/11/2023 15:36 | NightTime | 0h 1m 56s
08/11/2023 15:47 | NightTime | 0h 3m 9s
08/11/2023 15:54 | NightTime | 0h 3m 12s
08/11/2023 16:00 | NightTime | 0h 3m 34s
08/14/2023 10:49 | NightTime | 0h 3m 54s
08/14/2023 10:56 | NightTime | 0h 3m 51s
08/14/2023 11:07 | NightTime | 0h 3m 47s
08/14/2023 12:21 | NightTime | 0h 5m 51s
08/14/2023 12:29 | MainTestScene | 0h 1m 59s
08/14/2023 12:40 | NightTime | 0h 3m 38s
08/14/2023 12:45 | NightTime | 0h 3m 42s
08/17/2023 09:28 | MainTestScene | 0h 3m 52s
08/17/2023 09:43 | NightTime | 0h 3m 58s
08/18/2023 10:22 | MainTestScene | 0h 1m 58s
08/21/2023 14:10 | MainTestScene | 0h 6m 7s
08/21/2023 15:01 | MainTestScene | 0h 1m 56s
08/21/2023 15:21 | MainTestScene | 0h 2m 0s
08/21/2023 15:30 | MainTestScene | 0h 1m 56s
08/21/2023 15:33 | MainTestScene | 0h 1m 46s
08/21/2023 15:37 | MainTestScene | 0h 1m 53s
08/21/2023 15:40 | MainTestScene | 0h 1m 58s
08/21/2023 15:44 | MainTestScene | 0h 1m 59s
08/21/2023 15:49 | MainTestScene | 0h 2m 0s
08/21/2023 15:57 | MainTestScene | 0h 1m 57s
08/23/2023 10:36 | MainTestScene | 0h 1m 58s
08/23/2023 10:53 | MainTestScene | 0h 2m 7s
08/23/2023 11:02 | MainTestScene | 0h 2m 15s
08/23/2023 11:12 | MainTestScene | 0h 6m 13s
08/23/2023 11:39 | MainTestScene | 0h 7m 12s
08/23/2023 11:45 | MainTestScene | 0h 2m 13s
08/23/2023 11:48 | MainTestScene | 0h 2m 42s
08/23/2023 11:52 | MainTestScene | 0h 2m 28s
08/23/2023 11:58 | MainTestScene | 0h 2m 41s
08/23/2023 12:03 | MainTestScene | 0h 2m 19s
08/23/2023 12:10 | MainTestScene | 0h 2m 33s
08/23/2023 12:16 | MainTestScene | 0h 2m 21s
08/23/2023 12:23 | MainTestScene | 0h 2m 30s
08/23/2023 12:28 | MainTestScene | 0h 2m 3s
08/23/2023 12:36 | MainTestScene | 0h 2m 3s
08/23/2023 12:41 | MainTestScene | 0h 2m 18s
08/23/2023 12:56 | MainTestScene | 0h 2m 41s
08/23/2023 13:09 | MainTestScene | 0h 11m 45s
08/23/2023 13:33 | MainTestScene | 0h 0m 20s
08/23/2023 13:37 | MainTestScene | 0h 1m 0s
08/23/2023 13:40 | MainTestScene | 0h 0m 56s
08/23/2023 13:43 | MainTestScene | 0h 0m 57s
08/23/2023 13:44 | MainTestScene | 0h 0m 48s
08/23/2023 13:47 | MainTestScene | 0h 0m 55s
08/23/2023 13:51 | MainTestScene | 0h 3m 3s
08/23/2023 14:16 | MainTestScene | 0h 0m 51s
08/23/2023 14:23 | MainTestScene | 0h 1m 7s
08/23/2023 14:26 | MainTestScene | 0h 1m 6s
08/23/2023 14:39 | MainTestScene | 0h 3m 27s
08/23/2023 15:44 | MainTestScene | 0h 3m 36s
08/23/2023 16:04 | MainTestScene | 0h 3m 7s
08/23/2023 16:46 | MainTestScene | 0h 2m 35s
08/24/2023 14:44 | MainTestScene | 0h 2m 39s
08/24/2023 14:48 | MainTestScene | 0h 2m 32s
08/24/2023 14:52 | MainTestScene | 0h 2m 37s
08/24/2023 14:57 | MainTestScene | 0h 2m 40s
08/24/2023 15:28 | MainTestScene | 0h 2m 34s
08/24/2023 15:56 | MainTestScene | 0h 2m 25s
08/25/2023 13:44 | MainTestScene | 0h 2m 17s
08/25/2023 14:43 | NightTime | 0h 2m 18s
08/25/2023 15:13 | NightTime | 0h 2m 29s
08/25/2023 16:09 | MainTestScene 1 | 0h 3m 19s
08/25/2023 16:15 | MainTestScene | 0h 2m 43s
08/25/2023 16:21 | NightTime | 0h 2m 16s
08/26/2023 10:54 | MainTestScene | 0h 0m 17s
08/26/2023 11:07 | NightTime | 0h 0m 13s
08/26/2023 11:12 | NightTime | 0h 0m 13s
08/26/2023 11:39 | NightTime | 0h 0m 13s
08/26/2023 11:51 | NightTime | 0h 2m 43s
08/26/2023 12:22 | NightTime | 0h 2m 43s
08/26/2023 12:27 | NightTime | 0h 2m 36s
08/26/2023 12:35 | NightTime | 0h 2m 40s
08/26/2023 12:45 | MainTestScene | 0h 2m 42s
08/26/2023 14:18 | MainTestScene | 0h 3m 1s
08/26/2023 14:52 | MainTestScene | 0h 3m 4s
08/26/2023 14:58 | NightTime | 0h 2m 55s
08/28/2023 12:08 | MainTestScene | 0h 3m 8s
08/28/2023 13:07 | MainTestScene | 0h 2m 21s
08/28/2023 13:20 | MainTestScene | 0h 11m 2s
08/28/2023 13:53 | MainTestScene | 0h 31m 13s
08/28/2023 14:01 | MainTestScene | 0h 2m 40s
08/28/2023 14:29 | MainTestScene | 0h 2m 43s
08/28/2023 14:38 | MainTestScene | 0h 2m 44s
08/28/2023 14:45 | MainTestScene | 0h 3m 5s
08/28/2023 14:53 | MainTestScene | 0h 3m 59s
08/28/2023 15:00 | MainTestScene | 0h 3m 36s
08/28/2023 15:04 | MainTestScene | 0h 3m 37s
08/28/2023 15:09 | MainTestScene | 0h 3m 39s
08/28/2023 15:14 | MainTestScene | 0h 1m 38s
08/28/2023 15:20 | MainTestScene | 0h 1m 58s
08/28/2023 15:26 | MainTestScene | 0h 1m 36s
08/28/2023 15:50 | MainTestScene | 0h 1m 42s
08/28/2023 15:58 | MainTestScene | 0h 1m 43s
08/28/2023 16:06 | MainTestScene | 0h 1m 44s
08/28/2023 16:17 | MainTestScene | 0h 1m 54s
08/28/2023 16:25 | MainTestScene | 0h 1m 49s
08/31/2023 13:58 | MainTestScene | 0h 0m 38s
08/31/2023 14:01 | MainTestScene | 0h 0m 46s
08/31/2023 14:06 | MainTestScene | 0h 0m 41s
08/31/2023 14:11 | MainTestScene | 0h 3m 15s
09/01/2023 10:32 | MainTestScene | 0h 0m 50s
09/01/2023 11:43 | MainTestScene | 0h 0m 49s
09/01/2023 11:46 | MainTestScene | 0h 0m 50s
09/01/2023 11:55 | MainTestScene | 0h 3m 17s
09/01/2023 12:35 | MainTestScene | 0h 2m 53s
09/01/2023 13:05 | MainTestScene | 0h 2m 58s
09/04/2023 09:11 | MainTestScene | 0h 1m 53s
09/04/2023 09:18 | MainTestScene | 0h 1m 39s
09/04/2023 09:59 | MainTestScene | 0h 1m 36s
09/04/2023 10:05 | MainTestScene | 0h 1m 35s
09/04/2023 10:15 | MainTestScene | 0h 1m 35s
09/04/2023 13:20 | NightTime | 0h 1m 44s
09/07/2023 15:34 | MainTestScene | 0h 1m 43s
09/07/2023 15:49 | MainTestScene | 0h 1m 45s
09/07/2023 16:07 | MainTestScene | 0h 1m 54s
09/07/2023 16:35 | MainTestScene | 0h 1m 39s
09/08/2023 11:16 | MainTestScene | 0h 1m 46s
09/08/2023 11:28 | MainTestScene | 0h 1m 39s
09/08/2023 11:38 | MainTestScene | 0h 1m 39s
09/08/2023 11:42 | MainTestScene | 0h 1m 40s
09/08/2023 11:52 | MainTestScene | 0h 1m 39s
09/08/2023 12:03 | MainTestScene | 0h 1m 45s
09/08/2023 12:31 | MainTestScene | 0h 1m 41s
09/08/2023 15:53 | MainTestScene | 0h 1m 44s
09/08/2023 15:56 | MainTestScene | 0h 1m 44s
09/11/2023 10:15 | MainTestScene | 0h 1m 48s
09/11/2023 10:23 | MainTestScene | 0h 1m 45s
09/11/2023 10:26 | MainTestScene | 0h 1m 45s
09/11/2023 11:58 | MainTestScene | 0h 1m 41s
09/11/2023 12:53 | MainTestScene | 0h 1m 40s
09/11/2023 13:42 | MainTestScene | 0h 1m 36s
09/11/2023 15:06 | MainTestScene | 0h 1m 53s
09/11/2023 15:12 | MainTestScene | 0h 1m 45s
09/11/2023 15:16 | MainTestScene | 0h 1m 49s
09/11/2023 15:28 | MainTestScene | 0h 1m 49s
09/11/2023 15:34 | MainTestScene | 0h 2m 11s
09/11/2023 15:37 | MainTestScene | 0h 1m 39s
09/11/2023 15:39 | MainTestScene | 0h 1m 27s
09/12/2023 09:25 | MainTestScene | 0h 1m 32s
09/12/2023 09:40 | MainTestScene | 0h 1m 32s
09/12/2023 09:49 | example_volumes_simple_shadowmask | 0h 0m 25s
09/12/2023 09:52 | example_volumes_simple | 0h 0m 21s
09/12/2023 09:54 | example_volumes_advanced | 0h 0m 46s
09/12/2023 12:12 | MainTestScene | 0h 1m 39s
09/12/2023 13:06 | MainTestScene | 0h 1m 28s
09/12/2023 14:04 | MainTestScene | 0h 2m 40s
09/12/2023 14:31 | MainTestScene | 0h 2m 41s
09/12/2023 15:04 | MainTestScene | 0h 3m 20s
09/12/2023 16:11 | MainTestScene | 0h 2m 46s
09/18/2023 09:53 | MainTestScene | 0h 2m 48s
09/18/2023 09:58 | MainTestScene | 0h 2m 50s
09/18/2023 11:28 | MainTestScene | 0h 2m 36s
09/18/2023 11:32 | MainTestScene | 0h 2m 39s
09/18/2023 11:39 | MainTestScene | 0h 2m 39s
09/18/2023 11:48 | MainTestScene | 0h 2m 49s
09/18/2023 13:27 | MainTestScene | 0h 2m 49s
09/18/2023 14:47 | MainTestScene | 0h 3m 23s
09/18/2023 15:54 | MainTestScene | 0h 3m 34s
09/19/2023 08:03 | MainTestScene | 0h 3m 20s
09/19/2023 08:24 | MainTestScene | 0h 3m 1s
09/19/2023 09:45 | MainTestScene | 0h 3m 10s
09/19/2023 10:03 | MainTestScene | 0h 3m 16s
09/20/2023 17:39 | MainTestScene | 0h 3m 41s
10/16/2023 10:33 | MainTestScene | 0h 4m 7s
10/16/2023 10:50 | MainTestScene | 0h 3m 40s
10/16/2023 11:04 | MainTestScene | 0h 3m 36s
10/16/2023 11:15 | MainTestScene | 0h 3m 32s
10/16/2023 11:23 | MainTestScene | 0h 3m 46s
10/16/2023 14:06 | MainTestScene | 0h 3m 15s
10/16/2023 14:27 | MainTestScene | 0h 2m 46s
10/16/2023 15:10 | MainTestScene | 0h 3m 41s
10/16/2023 15:20 | MainTestScene | 0h 3m 57s
10/16/2023 15:44 | MainTestScene | 0h 4m 9s
10/17/2023 11:47 | MainTestScene | 0h 4m 8s
10/18/2023 14:36 | MainTestScene | 0h 2m 49s
10/19/2023 10:10 | NightTime | 0h 2m 45s
10/19/2023 10:36 | MainTestScene | 0h 3m 2s
10/19/2023 10:47 | NightTime | 0h 7m 29s
10/19/2023 11:33 | MainTestScene | 0h 2m 44s
10/19/2023 13:08 | MainTestScene | 0h 5m 57s
10/19/2023 16:57 | MainTestScene | 0h 5m 11s
10/25/2023 15:34 | MainTestScene | 0h 6m 3s
10/26/2023 14:24 | MainTestScene | 0h 4m 44s
10/26/2023 17:27 | MainTestScene | 0h 7m 34s
10/26/2023 17:44 | MainTestScene | 0h 4m 39s
10/27/2023 10:10 | MainTestScene | 0h 4m 42s
10/27/2023 10:15 | MainTestScene | 0h 4m 50s
04/16/2024 09:32 | Evening | 0h 5m 18s
04/16/2024 10:29 | Evening | 0h 9m 8s
04/16/2024 10:41 | Evening | 0h 1m 53s
04/16/2024 10:45 | Evening | 0h 1m 35s
04/16/2024 11:05 | Evening | 0h 1m 44s
04/16/2024 11:10 | Evening | 0h 2m 19s
04/16/2024 11:22 | Evening | 0h 2m 15s
04/16/2024 11:39 | Evening | 0h 1m 59s
04/16/2024 11:47 | Evening | 0h 1m 51s
04/16/2024 12:11 | Evening | 0h 2m 16s
04/16/2024 13:50 | Evening | 0h 2m 17s
